<?xml version="1.0" encoding="UTF-8"?>
<testng-results ignored="0" total="2" passed="2" failed="0" skipped="0">
  <reporter-output>
  </reporter-output>
  <suite started-at="2020-05-27T18:04:37Z" name="Default suite" finished-at="2020-05-27T18:04:45Z" duration-ms="8364">
    <groups>
    </groups>
    <test started-at="2020-05-27T18:04:37Z" name="Default test" finished-at="2020-05-27T18:04:45Z" duration-ms="8364">
      <class name="com.assignment.qa.testcases.LoginPageTest">
        <test-method is-config="true" signature="setUp()[pri:0, instance:com.assignment.qa.testcases.LoginPageTest@25a65b77]" started-at="2020-05-27T18:04:37Z" name="setUp" finished-at="2020-05-27T18:04:40Z" duration-ms="3123" status="PASS">
          <reporter-output>
          </reporter-output>
        </test-method> <!-- setUp -->
        <test-method signature="loginTest()[pri:1, instance:com.assignment.qa.testcases.LoginPageTest@25a65b77]" started-at="2020-05-27T18:04:40Z" name="loginTest" finished-at="2020-05-27T18:04:42Z" duration-ms="2713" status="PASS">
          <reporter-output>
          </reporter-output>
        </test-method> <!-- loginTest -->
        <test-method is-config="true" signature="tearDown()[pri:0, instance:com.assignment.qa.testcases.LoginPageTest@25a65b77]" started-at="2020-05-27T18:04:42Z" name="tearDown" finished-at="2020-05-27T18:04:43Z" duration-ms="101" status="PASS">
          <reporter-output>
          </reporter-output>
        </test-method> <!-- tearDown -->
        <test-method is-config="true" signature="setUp()[pri:0, instance:com.assignment.qa.testcases.LoginPageTest@25a65b77]" started-at="2020-05-27T18:04:43Z" name="setUp" finished-at="2020-05-27T18:04:45Z" duration-ms="2310" status="PASS">
          <reporter-output>
          </reporter-output>
        </test-method> <!-- setUp -->
        <test-method signature="tearDown()[pri:2, instance:com.assignment.qa.testcases.LoginPageTest@25a65b77]" started-at="2020-05-27T18:04:45Z" name="tearDown" finished-at="2020-05-27T18:04:45Z" duration-ms="95" status="PASS">
          <reporter-output>
          </reporter-output>
        </test-method> <!-- tearDown -->
        <test-method is-config="true" signature="tearDown()[pri:0, instance:com.assignment.qa.testcases.LoginPageTest@25a65b77]" started-at="2020-05-27T18:04:45Z" name="tearDown" finished-at="2020-05-27T18:04:45Z" duration-ms="1" status="PASS">
          <reporter-output>
          </reporter-output>
        </test-method> <!-- tearDown -->
      </class> <!-- com.assignment.qa.testcases.LoginPageTest -->
    </test> <!-- Default test -->
  </suite> <!-- Default suite -->
</testng-results>
